<?xml version="1.0" encoding="UTF-8"?>
<!-- Generated by org.testng.reporters.JUnitXMLReporter -->
<testsuite ignored="4" hostname="DESKTOP-30RBLQR" failures="0" tests="5" name="Regression test" time="24.901" errors="0" timestamp="2022-10-21T18:42:18 EET">
  <testcase classname="Amazon_Automation_Project.searchForItem" name="userSearchForProduct" time="9.418"/>
  <testcase classname="Amazon_Automation_Project.searchForItem" name="userNarrowDownSearchResults" time="4.545"/>
  <testcase classname="Amazon_Automation_Project.addItemToCart" name="userAddItemToCart" time="5.941"/>
  <testcase classname="Amazon_Automation_Project.addItemToCart" name="userNavigateToCartPage" time="3.654"/>
  <testcase classname="Amazon_Automation_Project.deleteItemFromCart" name="userDeleteItemFromCart" time="1.228"/>
  <testcase classname="Amazon_Automation_Project.TestBase" name="@AfterSuite stopDriver" time="0.0">
    <ignored/>
  </testcase> <!-- @AfterSuite stopDriver -->
  <testcase classname="Amazon_Automation_Project.TestBase" name="@BeforeSuite startDriver" time="0.0">
    <ignored/>
  </testcase> <!-- @BeforeSuite startDriver -->
  <testcase classname="Amazon_Automation_Project.TestBase" name="@AfterSuite stopDriver" time="0.0">
    <ignored/>
  </testcase> <!-- @AfterSuite stopDriver -->
  <testcase classname="Amazon_Automation_Project.TestBase" name="@BeforeSuite startDriver" time="0.0">
    <ignored/>
  </testcase> <!-- @BeforeSuite startDriver -->
</testsuite> <!-- Regression test -->
